SCUBA, Version Diamond (64-bit) 3.11.2.446
Wed Mar 10 18:17:16 2021
  
Copyright (c) 1991-1994 by NeoCAD Inc. All rights reserved.
Copyright (c) 1995 AT&T Corp.   All rights reserved.
Copyright (c) 1995-2001 Lucent Technologies Inc.  All rights reserved.
Copyright (c) 2001 Agere Systems   All rights reserved.
Copyright (c) 2002-2019 Lattice Semiconductor Corporation,  All rights reserved.
  
BEGIN SCUBA Module Synthesis
  
    Issued command   : C:\lscc\diamond\3.11_x64\ispfpga\bin\nt64\scuba.exe -w -n i2s_rx_fifo -lang verilog -synth lse -bus_exp 7 -bb -arch sa5p00 -type ebfifo -depth 2048 -width 32 -rwidth 32 -sync_reset -pe 50 -pe2 51 -pf -1 -rfill -fill 
    Circuit name     : i2s_rx_fifo
    Module type      : ebfifo
    Module Version   : 5.8
    Ports            : 
    Inputs       : Data[31:0], WrClock, RdClock, WrEn, RdEn, Reset, RPReset
    Outputs      : Q[31:0], WCNT[11:0], RCNT[11:0], Empty, Full, AlmostEmpty
    I/O buffer       : not inserted
    EDIF output      : i2s_rx_fifo.edn
    Verilog output   : i2s_rx_fifo.v
    Verilog template : i2s_rx_fifo_tmpl.v
    Verilog testbench: tb_i2s_rx_fifo_tmpl.v
    Verilog purpose  : for synthesis and simulation
    Bus notation     : big endian
    Report output    : i2s_rx_fifo.srp
    Estimated Resource Usage:
            LUT : 216
            EBR : 4
            Reg : 171
  
END   SCUBA Module Synthesis

