Starting process: 

Configuration data saved


SCUBA, Version Diamond (64-bit) 3.11.0.396.4
Fri Jan 08 13:29:38 2021

Copyright (c) 1991-1994 by NeoCAD Inc. All rights reserved.
Copyright (c) 1995 AT&T Corp.   All rights reserved.
Copyright (c) 1995-2001 Lucent Technologies Inc.  All rights reserved.
Copyright (c) 2001 Agere Systems   All rights reserved.
Copyright (c) 2002-2019 Lattice Semiconductor Corporation,  All rights reserved.

BEGIN SCUBA Module Synthesis

    Issued command   : C:\lscc\diamond\3.11_x64\ispfpga\bin\nt64\scuba.exe -w -n ddr_in -lang verilog -synth lse -bus_exp 7 -bb -arch sa5p00 -type iol -mode Receive -io_type LVCMOS18 -width 16 -freq_in 150 -gear 2 -del 128 
    Circuit name     : ddr_in
    Module type      : iol
    Module Version   : 5.8
    Ports            : 
	Inputs       : clkin, reset, datain[15:0]
	Outputs      : sclk, q[31:0]
    I/O buffer       : not inserted
    EDIF output      : ddr_in.edn
    Verilog output   : ddr_in.v
    Verilog template : ddr_in_tmpl.v
    Verilog purpose  : for synthesis and simulation
    Bus notation     : big endian
    Report output    : ddr_in.srp
    Estimated Resource Usage:

END   SCUBA Module Synthesis

File: ddr_in.lpc created.


End process: completed successfully.


Total Warnings:  0

Total Errors:  0


