synthesis:  version Diamond (64-bit) 3.11.0.396.4

Copyright (c) 1991-1994 by NeoCAD Inc. All rights reserved.
Copyright (c) 1995 AT&T Corp.   All rights reserved.
Copyright (c) 1995-2001 Lucent Technologies Inc.  All rights reserved.
Copyright (c) 2001 Agere Systems   All rights reserved.
Copyright (c) 2002-2019 Lattice Semiconductor Corporation,  All rights reserved.
Fri Jan 08 13:29:39 2021


Command Line:  C:\lscc\diamond\3.11_x64\ispfpga\bin\nt64\synthesis.exe -f ddr_in.synproj -sdc F:/cypress_prj/FTP/HDMI_RX_FPGA_design_FULLHD/PAR/hdmi_in/ddr_in/ddr_in.ldc -gui 

Synthesis options:
The -a option is ecp5u.
The -s option is 8.
The -t option is CABGA381.
The -d option is LFE5U-45F.
Using package CABGA381.
Using performance grade 8.
                                                          

##########################################################

### Lattice Family : ECP5U

### Device  : LFE5U-45F

### Package : CABGA381

### Speed   : 8

##########################################################

                                                          

INFO - synthesis: User-Selected Strategy Settings
Optimization goal = Balanced
Top-level module name = ddr_in.
Target frequency = 200.000000 MHz.
Maximum fanout = 1000.
Timing path count = 3
BRAM utilization = 100.000000 %
DSP usage = true (default)
DSP utilization = 100 % (default)
fsm_encoding_style = auto
resolve_mixed_drivers = 0
fix_gated_clocks = 1

Mux style = Auto
Use Carry Chain = true
carry_chain_length = 0
Use IO Insertion = FALSE
Use IO Reg = FALSE (implied)
WARNING - synthesis: Cannot pack registers into I/Os because use_io_insertion is FALSE.
WARNING - synthesis: Ignoring user setting of use_io_reg. Value is set to FALSE.
Use IO Reg = FALSE
Resource Sharing = TRUE
Propagate Constants = TRUE
Remove Duplicate Registers = TRUE
force_gsr = auto
ROM style = auto
RAM style = auto
The -comp option is FALSE.
The -syn option is FALSE.
-p F:/cypress_prj/FTP/HDMI_RX_FPGA_design_FULLHD/PAR/hdmi_in/ddr_in (searchpath added)
Verilog design file = C:/lscc/diamond/3.11_x64/cae_library/synthesis/verilog/ecp5u.v
Verilog design file = C:/lscc/diamond/3.11_x64/cae_library/synthesis/verilog/pmi_def.v
Verilog design file = F:/cypress_prj/FTP/HDMI_RX_FPGA_design_FULLHD/PAR/hdmi_in/ddr_in/ddr_in.v
NGO file = F:/cypress_prj/FTP/HDMI_RX_FPGA_design_FULLHD/PAR/hdmi_in/ddr_in/ddr_in.ngo
WARNING - synthesis: Option -force_gsr will be set to false when option -output_edif/-ngo are set
-sdc option: SDC file input is F:/cypress_prj/FTP/HDMI_RX_FPGA_design_FULLHD/PAR/hdmi_in/ddr_in/ddr_in.ldc.
-lpf option: Output file option is ON.
Hardtimer checking is enabled (default). The -dt option is not used.
The -r option is OFF. [ Remove LOC Properties is OFF. ]
Technology check ok...

Analyzing Verilog file C:/lscc/diamond/3.11_x64/ispfpga/userware/NT/SYNTHESIS_HEADERS/ecp5u.v. VERI-1482
Compile design.
Compile Design Begin
Analyzing Verilog file c:/lscc/diamond/3.11_x64/cae_library/synthesis/verilog/ecp5u.v. VERI-1482
Analyzing Verilog file c:/lscc/diamond/3.11_x64/cae_library/synthesis/verilog/pmi_def.v. VERI-1482
Analyzing Verilog file f:/cypress_prj/ftp/hdmi_rx_fpga_design_fullhd/par/hdmi_in/ddr_in/ddr_in.v. VERI-1482
Analyzing Verilog file C:/lscc/diamond/3.11_x64/ispfpga/userware/NT/SYNTHESIS_HEADERS/ecp5u.v. VERI-1482
Top module name (Verilog): ddr_in
INFO - synthesis: f:/cypress_prj/ftp/hdmi_rx_fpga_design_fullhd/par/hdmi_in/ddr_in/ddr_in.v(8): compiling module ddr_in. VERI-1018
INFO - synthesis: C:/lscc/diamond/3.11_x64/ispfpga/userware/NT/SYNTHESIS_HEADERS/ecp5u.v(278): compiling module IB. VERI-1018
INFO - synthesis: C:/lscc/diamond/3.11_x64/ispfpga/userware/NT/SYNTHESIS_HEADERS/ecp5u.v(1621): compiling module IDDRX1F. VERI-1018
INFO - synthesis: C:/lscc/diamond/3.11_x64/ispfpga/userware/NT/SYNTHESIS_HEADERS/ecp5u.v(1580): compiling module DELAYG(DEL_MODE="SCLK_CENTERED"). VERI-1018
Loading NGL library 'C:/lscc/diamond/3.11_x64/ispfpga/sa5p00/data/sa5plib.ngl'...
Loading NGL library 'C:/lscc/diamond/3.11_x64/ispfpga/xo2c00/data/xo2clib.ngl'...
Loading NGL library 'C:/lscc/diamond/3.11_x64/ispfpga/mg5g00/data/mg5glib.ngl'...
Loading NGL library 'C:/lscc/diamond/3.11_x64/ispfpga/or5g00/data/orc5glib.ngl'...
Loading device for application map from file 'sa5p45.nph' in environment: C:/lscc/diamond/3.11_x64/ispfpga.
Package Status:                     Final          Version 1.43.
WARNING - synthesis: There are no design constraints in the file F:/cypress_prj/FTP/HDMI_RX_FPGA_design_FULLHD/PAR/hdmi_in/ddr_in/ddr_in.ldc
Top-level module name = ddr_in.
WARNING - synthesis: There are no design constraints in the file F:/cypress_prj/FTP/HDMI_RX_FPGA_design_FULLHD/PAR/hdmi_in/ddr_in/ddr_in.ldc
This ldc file was generated by Clarity Designer!




######## GSR will not be inferred in an NGO flow, unless force_gsr=yes.
WARNING - synthesis: There are no design constraints in the file ddr_in_for_lpf.sdc
Writing LPF file F:/cypress_prj/FTP/HDMI_RX_FPGA_design_FULLHD/PAR/hdmi_in/ddr_in/ddr_in.lpf.
Results of NGD DRC are available in ddr_in_drc.log.
WARNING - synthesis: DRC checking was skipped because the -ngo option was used.
Writing NGD file F:/cypress_prj/FTP/HDMI_RX_FPGA_design_FULLHD/PAR/hdmi_in/ddr_in/ddr_in.ngo.

################### Begin Area Report (ddr_in)######################
Number of register bits => 0 of 44457 (0 % )
DELAYG => 16
GSR => 1
IB => 17
IDDRX1F => 16
################### End Area Report ##################

################### Begin Clock Report ######################
Clock Nets
Number of Clocks: 1
  Net : sclk, loads : 16
Clock Enable Nets
Number of Clock Enables: 0
Top 0 highest fanout Clock Enables:
Highest fanout non-clock nets
Top 10 highest fanout non-clock nets:
  Net : dataini_t15, loads : 1
  Net : dataini_t14, loads : 1
  Net : dataini_t13, loads : 1
  Net : dataini_t12, loads : 1
  Net : dataini_t11, loads : 1
  Net : dataini_t10, loads : 1
  Net : dataini_t9, loads : 1
  Net : dataini_t8, loads : 1
  Net : dataini_t7, loads : 1
  Net : dataini_t6, loads : 1
################### End Clock Report ##################

Peak Memory Usage: 83.207  MB

--------------------------------------------------------------
Elapsed CPU time for LSE flow : 0.531  secs
--------------------------------------------------------------
